c:\users\nbhat\desktop\cpp_test\assembler\x64\debug\vc141.pdb
c:\users\nbhat\desktop\cpp_test\assembler\x64\debug\vc141.idb
c:\users\nbhat\desktop\cpp_test\assembler\x64\debug\instruction.obj
c:\users\nbhat\desktop\cpp_test\assembler\x64\debug\assembler.obj
c:\users\nbhat\desktop\cpp_test\assembler\x64\debug\assem.obj
c:\users\nbhat\desktop\cpp_test\assembler\x64\debug\stdafx.obj
c:\users\nbhat\desktop\cpp_test\assembler\x64\debug\symtab.obj
c:\users\nbhat\desktop\cpp_test\assembler\x64\debug\fileaccess.obj
c:\users\nbhat\desktop\cpp_test\assembler\x64\debug\errors.obj
c:\users\nbhat\desktop\cpp_test\assembler\x64\debug\emulator.obj
c:\users\nbhat\desktop\cpp_test\assembler\x64\debug\assembler.pdb
c:\users\nbhat\desktop\cpp_test\assembler\x64\debug\assembler.tlog\cl.command.1.tlog
c:\users\nbhat\desktop\cpp_test\assembler\x64\debug\assembler.tlog\cl.read.1.tlog
c:\users\nbhat\desktop\cpp_test\assembler\x64\debug\assembler.tlog\cl.write.1.tlog
c:\users\nbhat\desktop\cpp_test\assembler\x64\debug\assembler.tlog\link-cvtres.read.1.tlog
c:\users\nbhat\desktop\cpp_test\assembler\x64\debug\assembler.tlog\link-cvtres.write.1.tlog
c:\users\nbhat\desktop\cpp_test\assembler\x64\debug\assembler.tlog\link-rc.read.1.tlog
c:\users\nbhat\desktop\cpp_test\assembler\x64\debug\assembler.tlog\link-rc.write.1.tlog
c:\users\nbhat\desktop\cpp_test\assembler\x64\debug\assembler.tlog\link.16932-cvtres.read.1.tlog
c:\users\nbhat\desktop\cpp_test\assembler\x64\debug\assembler.tlog\link.16932-cvtres.write.1.tlog
c:\users\nbhat\desktop\cpp_test\assembler\x64\debug\assembler.tlog\link.16932-rc.read.1.tlog
c:\users\nbhat\desktop\cpp_test\assembler\x64\debug\assembler.tlog\link.16932-rc.write.1.tlog
c:\users\nbhat\desktop\cpp_test\assembler\x64\debug\assembler.tlog\link.16932.read.1.tlog
c:\users\nbhat\desktop\cpp_test\assembler\x64\debug\assembler.tlog\link.16932.write.1.tlog
c:\users\nbhat\desktop\cpp_test\assembler\x64\debug\assembler.tlog\link.command.1.tlog
c:\users\nbhat\desktop\cpp_test\assembler\x64\debug\assembler.tlog\link.read.1.tlog
c:\users\nbhat\desktop\cpp_test\assembler\x64\debug\assembler.tlog\link.write.1.tlog
